Arguments: 
  E:\dev\node\node.exe C:\Users\Administrator\AppData\Roaming\npm\node_modules\yarn\bin\yarn.js

PATH: 
  C:\ProgramData\Oracle\Java\javapath;C:\Python27\;C:\Python27\Scripts;C:\Windows\system32;C:\Windows;C:\Windows\System32\Wbem;C:\Windows\System32\WindowsPowerShell\v1.0\;E:\dev\git\Git\cmd;C:\ProgramData\chocolatey\bin;E:\dev\node\;E:\dev\jdk\bin;E:\dev\jdk\jre\bin;C:\Users\Administrator\AppData\Local\atom\;E:\dev\sublime\Sublime Text 3;E:\works\krSpaceVpn\OpenVPN\bin;E:\cmd;C:\Users\Administrator\AppData\Local\Microsoft\WindowsApps;E:\dev\vsCode\Microsoft VS Code\bin;C:\Users\Administrator\AppData\Roaming\npm;C:\Users\Administrator\AppData\Local\atom\bin

Yarn version: 
  0.24.5

Node version: 
  8.1.3

Platform: 
  win32 x64

npm manifest: 
  {
    "name": "webpack",
    "version": "1.0.0",
    "description": "",
    "main": "index.js",
    "dependencies": {
      "lodash": "^4.17.4",
      "webpack": "^3.8.1"
    },
    "devDependencies": {
      "webpack": "^3.8.1"
    },
    "scripts": {
      "test": "echo \"Error: no test specified\" && exit 1",
      "start": "webpack --progress"
    },
    "keywords": [],
    "author": "",
    "license": "ISC"
  }

yarn manifest: 
  No manifest

Lockfile: 
  No lockfile

Trace: 
  Error: EEXIST: file already exists, mkdir 'F:\xunlian\webpack\node_modules\webpack'
